# JRE version: Java(TM) SE Runtime Environment (8.0_181-b13) (build 1.8.0_181-b13)
# Java VM: Java HotSpot(TM) 64-Bit Server VM (25.181-b13 mixed mode windows-amd64 compressed oops)
Heap:
 PSYoungGen      total 593408K, used 550841K [0x00000000d5580000, 0x0000000100000000, 0x0000000100000000)
  eden space 519680K, 91% used [0x00000000d5580000,0x00000000f27c56c8,0x00000000f5100000)
  from space 73728K, 99% used [0x00000000f5100000,0x00000000f98a8de0,0x00000000f9900000)
  to   space 97280K, 0% used [0x00000000fa100000,0x00000000fa100000,0x0000000100000000)
 ParOldGen       total 513536K, used 265652K [0x0000000080000000, 0x000000009f580000, 0x00000000d5580000)
  object space 513536K, 51% used [0x0000000080000000,0x000000009036d2d8,0x000000009f580000)
 Metaspace       used 135710K, capacity 143078K, committed 143232K, reserved 1173504K
  class space    used 17541K, capacity 18961K, committed 19072K, reserved 1048576K
GC Heap History (10 events):
Event: 234.888 GC heap before
{Heap before GC invocations=40 (full 5):
 PSYoungGen      total 584192K, used 497570K [0x00000000d5580000, 0x00000000ff600000, 0x0000000100000000)
  eden space 482816K, 100% used [0x00000000d5580000,0x00000000f2d00000,0x00000000f2d00000)
  from space 101376K, 14% used [0x00000000f9300000,0x00000000fa168a20,0x00000000ff600000)
  to   space 102912K, 0% used [0x00000000f2d00000,0x00000000f2d00000,0x00000000f9180000)
 ParOldGen       total 513536K, used 226928K [0x0000000080000000, 0x000000009f580000, 0x00000000d5580000)
  object space 513536K, 44% used [0x0000000080000000,0x000000008dd9c2e8,0x000000009f580000)
 Metaspace       used 125239K, capacity 131964K, committed 132480K, reserved 1165312K
  class space    used 16115K, capacity 17405K, committed 17536K, reserved 1048576K
Event: 234.907 GC heap after
Heap after GC invocations=40 (full 5):
 PSYoungGen      total 585728K, used 16204K [0x00000000d5580000, 0x00000000ff980000, 0x0000000100000000)
  eden space 482816K, 0% used [0x00000000d5580000,0x00000000d5580000,0x00000000f2d00000)
  from space 102912K, 15% used [0x00000000f2d00000,0x00000000f3cd3328,0x00000000f9180000)
  to   space 98816K, 0% used [0x00000000f9900000,0x00000000f9900000,0x00000000ff980000)
 ParOldGen       total 513536K, used 237278K [0x0000000080000000, 0x000000009f580000, 0x00000000d5580000)
  object space 513536K, 46% used [0x0000000080000000,0x000000008e7b79b0,0x000000009f580000)
 Metaspace       used 125239K, capacity 131964K, committed 132480K, reserved 1165312K
  class space    used 16115K, capacity 17405K, committed 17536K, reserved 1048576K
}
Event: 235.426 GC heap before
{Heap before GC invocations=41 (full 5):
 PSYoungGen      total 585728K, used 499020K [0x00000000d5580000, 0x00000000ff980000, 0x0000000100000000)
  eden space 482816K, 100% used [0x00000000d5580000,0x00000000f2d00000,0x00000000f2d00000)
  from space 102912K, 15% used [0x00000000f2d00000,0x00000000f3cd3328,0x00000000f9180000)
  to   space 98816K, 0% used [0x00000000f9900000,0x00000000f9900000,0x00000000ff980000)
 ParOldGen       total 513536K, used 237278K [0x0000000080000000, 0x000000009f580000, 0x00000000d5580000)
  object space 513536K, 46% used [0x0000000080000000,0x000000008e7b79b0,0x000000009f580000)
 Metaspace       used 125263K, capacity 132036K, committed 132480K, reserved 1165312K
  class space    used 16115K, capacity 17405K, committed 17536K, reserved 1048576K
Event: 235.453 GC heap after
Heap after GC invocations=41 (full 5):
 PSYoungGen      total 585216K, used 29765K [0x00000000d5580000, 0x00000000fef00000, 0x0000000100000000)
  eden space 497152K, 0% used [0x00000000d5580000,0x00000000d5580000,0x00000000f3b00000)
  from space 88064K, 33% used [0x00000000f9900000,0x00000000fb611550,0x00000000fef00000)
  to   space 92160K, 0% used [0x00000000f3b00000,0x00000000f3b00000,0x00000000f9500000)
 ParOldGen       total 513536K, used 241599K [0x0000000080000000, 0x000000009f580000, 0x00000000d5580000)
  object space 513536K, 47% used [0x0000000080000000,0x000000008ebefe00,0x000000009f580000)
 Metaspace       used 125263K, capacity 132036K, committed 132480K, reserved 1165312K
  class space    used 16115K, capacity 17405K, committed 17536K, reserved 1048576K
}
Event: 235.751 GC heap before
{Heap before GC invocations=42 (full 5):
 PSYoungGen      total 585216K, used 526917K [0x00000000d5580000, 0x00000000fef00000, 0x0000000100000000)
  eden space 497152K, 100% used [0x00000000d5580000,0x00000000f3b00000,0x00000000f3b00000)
  from space 88064K, 33% used [0x00000000f9900000,0x00000000fb611550,0x00000000fef00000)
  to   space 92160K, 0% used [0x00000000f3b00000,0x00000000f3b00000,0x00000000f9500000)
 ParOldGen       total 513536K, used 241599K [0x0000000080000000, 0x000000009f580000, 0x00000000d5580000)
  object space 513536K, 47% used [0x0000000080000000,0x000000008ebefe00,0x000000009f580000)
 Metaspace       used 125275K, capacity 132044K, committed 132480K, reserved 1165312K
  class space    used 16116K, capacity 17407K, committed 17536K, reserved 1048576K
Event: 235.765 GC heap after
Heap after GC invocations=42 (full 5):
 PSYoungGen      total 589312K, used 25936K [0x00000000d5580000, 0x00000000ffa00000, 0x0000000100000000)
  eden space 497152K, 0% used [0x00000000d5580000,0x00000000d5580000,0x00000000f3b00000)
  from space 92160K, 28% used [0x00000000f3b00000,0x00000000f54540e0,0x00000000f9500000)
  to   space 87040K, 0% used [0x00000000fa500000,0x00000000fa500000,0x00000000ffa00000)
 ParOldGen       total 513536K, used 251258K [0x0000000080000000, 0x000000009f580000, 0x00000000d5580000)
  object space 513536K, 48% used [0x0000000080000000,0x000000008f55e828,0x000000009f580000)
 Metaspace       used 125275K, capacity 132044K, committed 132480K, reserved 1165312K
  class space    used 16116K, capacity 17407K, committed 17536K, reserved 1048576K
}
Event: 236.191 GC heap before
{Heap before GC invocations=43 (full 5):
 PSYoungGen      total 589312K, used 523088K [0x00000000d5580000, 0x00000000ffa00000, 0x0000000100000000)
  eden space 497152K, 100% used [0x00000000d5580000,0x00000000f3b00000,0x00000000f3b00000)
  from space 92160K, 28% used [0x00000000f3b00000,0x00000000f54540e0,0x00000000f9500000)
  to   space 87040K, 0% used [0x00000000fa500000,0x00000000fa500000,0x00000000ffa00000)
 ParOldGen       total 513536K, used 251258K [0x0000000080000000, 0x000000009f580000, 0x00000000d5580000)
  object space 513536K, 48% used [0x0000000080000000,0x000000008f55e828,0x000000009f580000)
 Metaspace       used 125287K, capacity 132050K, committed 132480K, reserved 1165312K
  class space    used 16118K, capacity 17408K, committed 17536K, reserved 1048576K
Event: 236.204 GC heap after
Heap after GC invocations=43 (full 5):
 PSYoungGen      total 605696K, used 2875K [0x00000000d5580000, 0x00000000ff900000, 0x0000000100000000)
  eden space 519680K, 0% used [0x00000000d5580000,0x00000000d5580000,0x00000000f5100000)
  from space 86016K, 3% used [0x00000000fa500000,0x00000000fa7ceea0,0x00000000ff900000)
  to   space 86016K, 0% used [0x00000000f5100000,0x00000000f5100000,0x00000000fa500000)
 ParOldGen       total 513536K, used 264563K [0x0000000080000000, 0x000000009f580000, 0x00000000d5580000)
  object space 513536K, 51% used [0x0000000080000000,0x000000009025cc38,0x000000009f580000)
 Metaspace       used 125287K, capacity 132050K, committed 132480K, reserved 1165312K
  class space    used 16118K, capacity 17408K, committed 17536K, reserved 1048576K
}
Event: 237.206 GC heap before
{Heap before GC invocations=44 (full 5):
 PSYoungGen      total 605696K, used 522555K [0x00000000d5580000, 0x00000000ff900000, 0x0000000100000000)
  eden space 519680K, 100% used [0x00000000d5580000,0x00000000f5100000,0x00000000f5100000)
  from space 86016K, 3% used [0x00000000fa500000,0x00000000fa7ceea0,0x00000000ff900000)
  to   space 86016K, 0% used [0x00000000f5100000,0x00000000f5100000,0x00000000fa500000)
 ParOldGen       total 513536K, used 264563K [0x0000000080000000, 0x000000009f580000, 0x00000000d5580000)
  object space 513536K, 51% used [0x0000000080000000,0x000000009025cc38,0x000000009f580000)
 Metaspace       used 127300K, capacity 134296K, committed 134528K, reserved 1165312K
  class space    used 16374K, capacity 17717K, committed 17792K, reserved 1048576K
Event: 237.240 GC heap after
Heap after GC invocations=44 (full 5):
 PSYoungGen      total 593408K, used 73379K [0x00000000d5580000, 0x0000000100000000, 0x0000000100000000)
  eden space 519680K, 0% used [0x00000000d5580000,0x00000000d5580000,0x00000000f5100000)
  from space 73728K, 99% used [0x00000000f5100000,0x00000000f98a8de0,0x00000000f9900000)
  to   space 97280K, 0% used [0x00000000fa100000,0x00000000fa100000,0x0000000100000000)
 ParOldGen       total 513536K, used 265652K [0x0000000080000000, 0x000000009f580000, 0x00000000d5580000)
  object space 513536K, 51% used [0x0000000080000000,0x000000009036d2d8,0x000000009f580000)
 Metaspace       used 127300K, capacity 134296K, committed 134528K, reserved 1165312K
  class space    used 16374K, capacity 17717K, committed 17792K, reserved 1048576K
}

